#
# A fatal error has been detected by the Java Runtime Environment:
#
#  EXCEPTION_ACCESS_VIOLATION (0xc0000005) at pc=0x00007ffbf40c4433, pid=13376, tid=10604
#
# JRE version: Java(TM) SE Runtime Environment (11.0+28) (build 11+28)
# Java VM: Java HotSpot(TM) 64-Bit Server VM (11+28, mixed mode, tiered, compressed oops, g1 gc, windows-amd64)
# Problematic frame:
# V  [jvm.dll+0x504433]
#
# No core dump will be written. Minidumps are not enabled by default on client versions of Windows
#
# If you would like to submit a bug report, please visit:
#   http://bugreport.java.com/bugreport/crash.jsp
#

---------------  S U M M A R Y ------------

Command Line: -agentlib:jdwp=transport=dt_socket,suspend=y,address=localhost:51112 -javaagent:C:\Users\Pichau\eclipse\configuration\org.eclipse.osgi\697\0\.cp\lib\javaagent-shaded.jar -Dfile.encoding=Cp1252 uri.MaiorAleatorio

Host: Intel(R) Core(TM) i3-8100 CPU @ 3.60GHz, 4 cores, 7G,  Windows 10 , 64 bit Build 17763 (10.0.17763.475)
Time: Sat Jun 22 09:41:15 2019 Hora oficial do Brasil elapsed time: 59 seconds (0d 0h 0m 59s)

---------------  T H R E A D  ---------------

Current thread (0x00000255486d7000):  VMThread "VM Thread" [stack: 0x0000009783500000,0x0000009783600000] [id=10604]

Stack: [0x0000009783500000,0x0000009783600000],  sp=0x00000097835ff260,  free space=1020k
Native frames: (J=compiled Java code, j=interpreted, Vv=VM code, C=native code)
V  [jvm.dll+0x504433]
V  [jvm.dll+0x503ed7]
V  [jvm.dll+0x78179c]
V  [jvm.dll+0x77fc57]
V  [jvm.dll+0x780480]
V  [jvm.dll+0x78078f]
V  [jvm.dll+0x63b2c2]
C  [ucrtbase.dll+0x21ffa]
C  [KERNEL32.DLL+0x17974]
C  [ntdll.dll+0x6a271]


siginfo: EXCEPTION_ACCESS_VIOLATION (0xc0000005), reading address 0xffffffffffffffff


Register to memory mapping:

RIP=0x00007ffbf40c4433 jvm.dll
RAX=0x0000000000000001 is an unknown value
RBX=0x00000255486bc658 points into unknown readable memory
RCX=0x0000000000000001 is an unknown value
RDX=0x00ca025548ef6e80 is an unknown value
RSP=0x00000097835ff260 points into unknown readable memory
RBP=0x0000000000000008 is an unknown value
RSI=0x0000025549324da0 points into unknown readable memory
RDI={method} {0x0000025548ef6ed0} 
[error occurred during error reporting (printing register info), id 0xc0000005, EXCEPTION_ACCESS_VIOLATION (0xc0000005) at pc=0x00007ffbf41b1cda]

Registers:
RAX=0x0000000000000001, RBX=0x00000255486bc658, RCX=0x0000000000000001, RDX=0x00ca025548ef6e80
RSP=0x00000097835ff260, RBP=0x0000000000000008, RSI=0x0000025549324da0, RDI=0x0000025548ef6ec8
R8 =0x0000025548ef6dd0, R9 =0x0000025548efa1c8, R10=0x00000255485b5128, R11=0x00000255485b7548
R12=0x00007ffbf440d088, R13=0x00000001000cafb8, R14=0x0000009783efef30, R15=0x00000000000003d8
RIP=0x00007ffbf40c4433, EFLAGS=0x0000000000010202

Top of Stack: (sp=0x00000097835ff260)
0x00000097835ff260:   0000009783efef30 0000025549325310
0x00000097835ff270:   0000025549324da0 0000000000000000
0x00000097835ff280:   00000255485b5128 00000255485b7548
0x00000097835ff290:   00000255486bc658 00007ffb00000000
0x00000097835ff2a0:   00007ffbf45e3fe8 00000000000003d8
0x00000097835ff2b0:   0000009783efef30 00007ffbf440d088
0x00000097835ff2c0:   0000000000000020 0000025549324da0
0x00000097835ff2d0:   0000025549325310 00007ffbf4668a40
0x00000097835ff2e0:   0000000000000004 00007ffbf40c3ed7
0x00000097835ff2f0:   0000009783efef30 00000097835ff310
0x00000097835ff300:   000002552a3f9508 00000000000003d8
0x00000097835ff310:   00007ffbf41b2130 0000025500000000
0x00000097835ff320:   000002552a3f9508 000002552a3f9120
0x00000097835ff330:   0000009783efeec0 00007ffbf434179c
0x00000097835ff340:   0000025549405d60 000002554869b870
0x00000097835ff350:   000002552a3f9130 00007ffbf447c8d0 

Instructions: (pc=0x00007ffbf40c4433)
0x00007ffbf40c4413:   00 4c 8d 40 01 4e 8d 04 c1 0f 1f 40 00 49 8b 38
0x00007ffbf40c4423:   0f b6 4f 2a c0 e9 05 f6 c1 01 74 24 48 8b 57 08
0x00007ffbf40c4433:   4c 8b 4a 08 0f b7 4a 2a 49 8b 74 c9 40 49 3b f2
0x00007ffbf40c4443:   75 0e 0f b7 4a 2c 49 8b 54 c9 40 49 3b d3 74 0f 


VM_Operation (0x0000009783efeec0): ChangeBreakpoints, mode: safepoint, requested by thread 0x00000255492ff000


---------------  P R O C E S S  ---------------

Threads class SMR info:
_java_thread_list=0x00000255492fa170, length=13, elements={
0x000002552a327800, 0x00000255486fd000, 0x0000025548707800, 0x0000025548717000,
0x0000025548718000, 0x000002554871a000, 0x000002554908c000, 0x00000255490e5000,
0x0000025549139000, 0x00000255492ff000, 0x00000255497bb800, 0x00000255497bc800,
0x00000255492b6000
}

Java Threads: ( => current thread )
  0x000002552a327800 JavaThread "main" [_thread_blocked, id=16636, stack(0x0000009782f00000,0x0000009783000000)]
  0x00000255486fd000 JavaThread "Reference Handler" daemon [_thread_blocked, id=11856, stack(0x0000009783600000,0x0000009783700000)]
  0x0000025548707800 JavaThread "Finalizer" daemon [_thread_blocked, id=6340, stack(0x0000009783700000,0x0000009783800000)]
  0x0000025548717000 JavaThread "Signal Dispatcher" daemon [_thread_blocked, id=15976, stack(0x0000009783800000,0x0000009783900000)]
  0x0000025548718000 JavaThread "Attach Listener" daemon [_thread_blocked, id=5376, stack(0x0000009783900000,0x0000009783a00000)]
  0x000002554871a000 JavaThread "C2 CompilerThread0" daemon [_thread_blocked, id=5300, stack(0x0000009783a00000,0x0000009783b00000)]
  0x000002554908c000 JavaThread "C1 CompilerThread0" daemon [_thread_blocked, id=6576, stack(0x0000009783b00000,0x0000009783c00000)]
  0x00000255490e5000 JavaThread "Sweeper thread" daemon [_thread_blocked, id=8408, stack(0x0000009783c00000,0x0000009783d00000)]
  0x0000025549139000 JavaThread "Common-Cleaner" daemon [_thread_blocked, id=10880, stack(0x0000009783d00000,0x0000009783e00000)]
  0x00000255492ff000 JavaThread "JDWP Transport Listener: dt_socket" daemon [_thread_blocked, id=14020, stack(0x0000009783e00000,0x0000009783f00000)]
  0x00000255497bb800 JavaThread "JDWP Event Helper Thread" daemon [_thread_blocked, id=7212, stack(0x0000009783f00000,0x0000009784000000)]
  0x00000255497bc800 JavaThread "JDWP Command Reader" daemon [_thread_in_native, id=796, stack(0x0000009784000000,0x0000009784100000)]
  0x00000255492b6000 JavaThread "Service Thread" daemon [_thread_blocked, id=10096, stack(0x0000009784200000,0x0000009784300000)]

Other Threads:
=>0x00000255486d7000 VMThread "VM Thread" [stack: 0x0000009783500000,0x0000009783600000] [id=10604]
  0x0000025549300800 WatcherThread [stack: 0x0000009784300000,0x0000009784400000] [id=1304]
  0x000002552a33f800 GCTaskThread "GC Thread#0" [stack: 0x0000009783000000,0x0000009783100000] [id=13588]
  0x000002552a370000 ConcurrentGCThread "G1 Main Marker" [stack: 0x0000009783100000,0x0000009783200000] [id=15492]
  0x000002552a371800 ConcurrentGCThread "G1 Conc#0" [stack: 0x0000009783200000,0x0000009783300000] [id=3064]
  0x000002552a3f7800 ConcurrentGCThread "G1 Refine#0" [stack: 0x0000009783300000,0x0000009783400000] [id=6548]
  0x0000025548540800 ConcurrentGCThread "G1 Young RemSet Sampling" [stack: 0x0000009783400000,0x0000009783500000] [id=604]

Threads with active compile tasks:

VM state:at safepoint (normal execution)

VM Mutex/Monitor currently owned by a thread:  ([mutex/lock_event])
[0x000002552a326770] Threads_lock - owner thread: 0x00000255486d7000

Heap address: 0x0000000080c00000, size: 2036 MB, Compressed Oops mode: 32-bit
Narrow klass base: 0x0000000000000000, Narrow klass shift: 3
Compressed class space size: 1073741824 Address: 0x0000000100000000

Heap:
 garbage-first heap   total 131072K, used 4096K [0x0000000080c00000, 0x0000000100000000)
  region size 1024K, 5 young (5120K), 0 survivors (0K)
 Metaspace       used 8685K, capacity 8802K, committed 9088K, reserved 1056768K
  class space    used 761K, capacity 802K, committed 896K, reserved 1048576K
Heap Regions: E=young(eden), S=young(survivor), O=old, HS=humongous(starts), HC=humongous(continues), CS=collection set, F=free, A=archive, TAMS=top-at-mark-start (previous, next)
|   0|0x0000000080c00000, 0x0000000080c00000, 0x0000000080d00000|  0%| F|  |TAMS 0x0000000080c00000, 0x0000000080c00000| Untracked 
|   1|0x0000000080d00000, 0x0000000080d00000, 0x0000000080e00000|  0%| F|  |TAMS 0x0000000080d00000, 0x0000000080d00000| Untracked 
|   2|0x0000000080e00000, 0x0000000080e00000, 0x0000000080f00000|  0%| F|  |TAMS 0x0000000080e00000, 0x0000000080e00000| Untracked 
|   3|0x0000000080f00000, 0x0000000080f00000, 0x0000000081000000|  0%| F|  |TAMS 0x0000000080f00000, 0x0000000080f00000| Untracked 
|   4|0x0000000081000000, 0x0000000081000000, 0x0000000081100000|  0%| F|  |TAMS 0x0000000081000000, 0x0000000081000000| Untracked 
|   5|0x0000000081100000, 0x0000000081100000, 0x0000000081200000|  0%| F|  |TAMS 0x0000000081100000, 0x0000000081100000| Untracked 
|   6|0x0000000081200000, 0x0000000081200000, 0x0000000081300000|  0%| F|  |TAMS 0x0000000081200000, 0x0000000081200000| Untracked 
|   7|0x0000000081300000, 0x0000000081300000, 0x0000000081400000|  0%| F|  |TAMS 0x0000000081300000, 0x0000000081300000| Untracked 
|   8|0x0000000081400000, 0x0000000081400000, 0x0000000081500000|  0%| F|  |TAMS 0x0000000081400000, 0x0000000081400000| Untracked 
|   9|0x0000000081500000, 0x0000000081500000, 0x0000000081600000|  0%| F|  |TAMS 0x0000000081500000, 0x0000000081500000| Untracked 
|  10|0x0000000081600000, 0x0000000081600000, 0x0000000081700000|  0%| F|  |TAMS 0x0000000081600000, 0x0000000081600000| Untracked 
|  11|0x0000000081700000, 0x0000000081700000, 0x0000000081800000|  0%| F|  |TAMS 0x0000000081700000, 0x0000000081700000| Untracked 
|  12|0x0000000081800000, 0x0000000081800000, 0x0000000081900000|  0%| F|  |TAMS 0x0000000081800000, 0x0000000081800000| Untracked 
|  13|0x0000000081900000, 0x0000000081900000, 0x0000000081a00000|  0%| F|  |TAMS 0x0000000081900000, 0x0000000081900000| Untracked 
|  14|0x0000000081a00000, 0x0000000081a00000, 0x0000000081b00000|  0%| F|  |TAMS 0x0000000081a00000, 0x0000000081a00000| Untracked 
|  15|0x0000000081b00000, 0x0000000081b00000, 0x0000000081c00000|  0%| F|  |TAMS 0x0000000081b00000, 0x0000000081b00000| Untracked 
|  16|0x0000000081c00000, 0x0000000081c00000, 0x0000000081d00000|  0%| F|  |TAMS 0x0000000081c00000, 0x0000000081c00000| Untracked 
|  17|0x0000000081d00000, 0x0000000081d00000, 0x0000000081e00000|  0%| F|  |TAMS 0x0000000081d00000, 0x0000000081d00000| Untracked 
|  18|0x0000000081e00000, 0x0000000081e00000, 0x0000000081f00000|  0%| F|  |TAMS 0x0000000081e00000, 0x0000000081e00000| Untracked 
|  19|0x0000000081f00000, 0x0000000081f00000, 0x0000000082000000|  0%| F|  |TAMS 0x0000000081f00000, 0x0000000081f00000| Untracked 
|  20|0x0000000082000000, 0x0000000082000000, 0x0000000082100000|  0%| F|  |TAMS 0x0000000082000000, 0x0000000082000000| Untracked 
|  21|0x0000000082100000, 0x0000000082100000, 0x0000000082200000|  0%| F|  |TAMS 0x0000000082100000, 0x0000000082100000| Untracked 
|  22|0x0000000082200000, 0x0000000082200000, 0x0000000082300000|  0%| F|  |TAMS 0x0000000082200000, 0x0000000082200000| Untracked 
|  23|0x0000000082300000, 0x0000000082300000, 0x0000000082400000|  0%| F|  |TAMS 0x0000000082300000, 0x0000000082300000| Untracked 
|  24|0x0000000082400000, 0x0000000082400000, 0x0000000082500000|  0%| F|  |TAMS 0x0000000082400000, 0x0000000082400000| Untracked 
|  25|0x0000000082500000, 0x0000000082500000, 0x0000000082600000|  0%| F|  |TAMS 0x0000000082500000, 0x0000000082500000| Untracked 
|  26|0x0000000082600000, 0x0000000082600000, 0x0000000082700000|  0%| F|  |TAMS 0x0000000082600000, 0x0000000082600000| Untracked 
|  27|0x0000000082700000, 0x0000000082700000, 0x0000000082800000|  0%| F|  |TAMS 0x0000000082700000, 0x0000000082700000| Untracked 
|  28|0x0000000082800000, 0x0000000082800000, 0x0000000082900000|  0%| F|  |TAMS 0x0000000082800000, 0x0000000082800000| Untracked 
|  29|0x0000000082900000, 0x0000000082900000, 0x0000000082a00000|  0%| F|  |TAMS 0x0000000082900000, 0x0000000082900000| Untracked 
|  30|0x0000000082a00000, 0x0000000082a00000, 0x0000000082b00000|  0%| F|  |TAMS 0x0000000082a00000, 0x0000000082a00000| Untracked 
|  31|0x0000000082b00000, 0x0000000082b00000, 0x0000000082c00000|  0%| F|  |TAMS 0x0000000082b00000, 0x0000000082b00000| Untracked 
|  32|0x0000000082c00000, 0x0000000082c00000, 0x0000000082d00000|  0%| F|  |TAMS 0x0000000082c00000, 0x0000000082c00000| Untracked 
|  33|0x0000000082d00000, 0x0000000082d00000, 0x0000000082e00000|  0%| F|  |TAMS 0x0000000082d00000, 0x0000000082d00000| Untracked 
|  34|0x0000000082e00000, 0x0000000082e00000, 0x0000000082f00000|  0%| F|  |TAMS 0x0000000082e00000, 0x0000000082e00000| Untracked 
|  35|0x0000000082f00000, 0x0000000082f00000, 0x0000000083000000|  0%| F|  |TAMS 0x0000000082f00000, 0x0000000082f00000| Untracked 
|  36|0x0000000083000000, 0x0000000083000000, 0x0000000083100000|  0%| F|  |TAMS 0x0000000083000000, 0x0000000083000000| Untracked 
|  37|0x0000000083100000, 0x0000000083100000, 0x0000000083200000|  0%| F|  |TAMS 0x0000000083100000, 0x0000000083100000| Untracked 
|  38|0x0000000083200000, 0x0000000083200000, 0x0000000083300000|  0%| F|  |TAMS 0x0000000083200000, 0x0000000083200000| Untracked 
|  39|0x0000000083300000, 0x0000000083300000, 0x0000000083400000|  0%| F|  |TAMS 0x0000000083300000, 0x0000000083300000| Untracked 
|  40|0x0000000083400000, 0x0000000083400000, 0x0000000083500000|  0%| F|  |TAMS 0x0000000083400000, 0x0000000083400000| Untracked 
|  41|0x0000000083500000, 0x0000000083500000, 0x0000000083600000|  0%| F|  |TAMS 0x0000000083500000, 0x0000000083500000| Untracked 
|  42|0x0000000083600000, 0x0000000083600000, 0x0000000083700000|  0%| F|  |TAMS 0x0000000083600000, 0x0000000083600000| Untracked 
|  43|0x0000000083700000, 0x0000000083700000, 0x0000000083800000|  0%| F|  |TAMS 0x0000000083700000, 0x0000000083700000| Untracked 
|  44|0x0000000083800000, 0x0000000083800000, 0x0000000083900000|  0%| F|  |TAMS 0x0000000083800000, 0x0000000083800000| Untracked 
|  45|0x0000000083900000, 0x0000000083900000, 0x0000000083a00000|  0%| F|  |TAMS 0x0000000083900000, 0x0000000083900000| Untracked 
|  46|0x0000000083a00000, 0x0000000083a00000, 0x0000000083b00000|  0%| F|  |TAMS 0x0000000083a00000, 0x0000000083a00000| Untracked 
|  47|0x0000000083b00000, 0x0000000083b00000, 0x0000000083c00000|  0%| F|  |TAMS 0x0000000083b00000, 0x0000000083b00000| Untracked 
|  48|0x0000000083c00000, 0x0000000083c00000, 0x0000000083d00000|  0%| F|  |TAMS 0x0000000083c00000, 0x0000000083c00000| Untracked 
|  49|0x0000000083d00000, 0x0000000083d00000, 0x0000000083e00000|  0%| F|  |TAMS 0x0000000083d00000, 0x0000000083d00000| Untracked 
|  50|0x0000000083e00000, 0x0000000083e00000, 0x0000000083f00000|  0%| F|  |TAMS 0x0000000083e00000, 0x0000000083e00000| Untracked 
|  51|0x0000000083f00000, 0x0000000083f00000, 0x0000000084000000|  0%| F|  |TAMS 0x0000000083f00000, 0x0000000083f00000| Untracked 
|  52|0x0000000084000000, 0x0000000084000000, 0x0000000084100000|  0%| F|  |TAMS 0x0000000084000000, 0x0000000084000000| Untracked 
|  53|0x0000000084100000, 0x0000000084100000, 0x0000000084200000|  0%| F|  |TAMS 0x0000000084100000, 0x0000000084100000| Untracked 
|  54|0x0000000084200000, 0x0000000084200000, 0x0000000084300000|  0%| F|  |TAMS 0x0000000084200000, 0x0000000084200000| Untracked 
|  55|0x0000000084300000, 0x0000000084300000, 0x0000000084400000|  0%| F|  |TAMS 0x0000000084300000, 0x0000000084300000| Untracked 
|  56|0x0000000084400000, 0x0000000084400000, 0x0000000084500000|  0%| F|  |TAMS 0x0000000084400000, 0x0000000084400000| Untracked 
|  57|0x0000000084500000, 0x0000000084500000, 0x0000000084600000|  0%| F|  |TAMS 0x0000000084500000, 0x0000000084500000| Untracked 
|  58|0x0000000084600000, 0x0000000084600000, 0x0000000084700000|  0%| F|  |TAMS 0x0000000084600000, 0x0000000084600000| Untracked 
|  59|0x0000000084700000, 0x0000000084700000, 0x0000000084800000|  0%| F|  |TAMS 0x0000000084700000, 0x0000000084700000| Untracked 
|  60|0x0000000084800000, 0x0000000084800000, 0x0000000084900000|  0%| F|  |TAMS 0x0000000084800000, 0x0000000084800000| Untracked 
|  61|0x0000000084900000, 0x0000000084900000, 0x0000000084a00000|  0%| F|  |TAMS 0x0000000084900000, 0x0000000084900000| Untracked 
|  62|0x0000000084a00000, 0x0000000084a00000, 0x0000000084b00000|  0%| F|  |TAMS 0x0000000084a00000, 0x0000000084a00000| Untracked 
|  63|0x0000000084b00000, 0x0000000084b00000, 0x0000000084c00000|  0%| F|  |TAMS 0x0000000084b00000, 0x0000000084b00000| Untracked 
|  64|0x0000000084c00000, 0x0000000084c00000, 0x0000000084d00000|  0%| F|  |TAMS 0x0000000084c00000, 0x0000000084c00000| Untracked 
|  65|0x0000000084d00000, 0x0000000084d00000, 0x0000000084e00000|  0%| F|  |TAMS 0x0000000084d00000, 0x0000000084d00000| Untracked 
|  66|0x0000000084e00000, 0x0000000084e00000, 0x0000000084f00000|  0%| F|  |TAMS 0x0000000084e00000, 0x0000000084e00000| Untracked 
|  67|0x0000000084f00000, 0x0000000084f00000, 0x0000000085000000|  0%| F|  |TAMS 0x0000000084f00000, 0x0000000084f00000| Untracked 
|  68|0x0000000085000000, 0x0000000085000000, 0x0000000085100000|  0%| F|  |TAMS 0x0000000085000000, 0x0000000085000000| Untracked 
|  69|0x0000000085100000, 0x0000000085100000, 0x0000000085200000|  0%| F|  |TAMS 0x0000000085100000, 0x0000000085100000| Untracked 
|  70|0x0000000085200000, 0x0000000085200000, 0x0000000085300000|  0%| F|  |TAMS 0x0000000085200000, 0x0000000085200000| Untracked 
|  71|0x0000000085300000, 0x0000000085300000, 0x0000000085400000|  0%| F|  |TAMS 0x0000000085300000, 0x0000000085300000| Untracked 
|  72|0x0000000085400000, 0x0000000085400000, 0x0000000085500000|  0%| F|  |TAMS 0x0000000085400000, 0x0000000085400000| Untracked 
|  73|0x0000000085500000, 0x0000000085500000, 0x0000000085600000|  0%| F|  |TAMS 0x0000000085500000, 0x0000000085500000| Untracked 
|  74|0x0000000085600000, 0x0000000085600000, 0x0000000085700000|  0%| F|  |TAMS 0x0000000085600000, 0x0000000085600000| Untracked 
|  75|0x0000000085700000, 0x0000000085700000, 0x0000000085800000|  0%| F|  |TAMS 0x0000000085700000, 0x0000000085700000| Untracked 
|  76|0x0000000085800000, 0x0000000085800000, 0x0000000085900000|  0%| F|  |TAMS 0x0000000085800000, 0x0000000085800000| Untracked 
|  77|0x0000000085900000, 0x0000000085900000, 0x0000000085a00000|  0%| F|  |TAMS 0x0000000085900000, 0x0000000085900000| Untracked 
|  78|0x0000000085a00000, 0x0000000085a00000, 0x0000000085b00000|  0%| F|  |TAMS 0x0000000085a00000, 0x0000000085a00000| Untracked 
|  79|0x0000000085b00000, 0x0000000085b00000, 0x0000000085c00000|  0%| F|  |TAMS 0x0000000085b00000, 0x0000000085b00000| Untracked 
|  80|0x0000000085c00000, 0x0000000085c00000, 0x0000000085d00000|  0%| F|  |TAMS 0x0000000085c00000, 0x0000000085c00000| Untracked 
|  81|0x0000000085d00000, 0x0000000085d00000, 0x0000000085e00000|  0%| F|  |TAMS 0x0000000085d00000, 0x0000000085d00000| Untracked 
|  82|0x0000000085e00000, 0x0000000085e00000, 0x0000000085f00000|  0%| F|  |TAMS 0x0000000085e00000, 0x0000000085e00000| Untracked 
|  83|0x0000000085f00000, 0x0000000085f00000, 0x0000000086000000|  0%| F|  |TAMS 0x0000000085f00000, 0x0000000085f00000| Untracked 
|  84|0x0000000086000000, 0x0000000086000000, 0x0000000086100000|  0%| F|  |TAMS 0x0000000086000000, 0x0000000086000000| Untracked 
|  85|0x0000000086100000, 0x0000000086100000, 0x0000000086200000|  0%| F|  |TAMS 0x0000000086100000, 0x0000000086100000| Untracked 
|  86|0x0000000086200000, 0x0000000086200000, 0x0000000086300000|  0%| F|  |TAMS 0x0000000086200000, 0x0000000086200000| Untracked 
|  87|0x0000000086300000, 0x0000000086300000, 0x0000000086400000|  0%| F|  |TAMS 0x0000000086300000, 0x0000000086300000| Untracked 
|  88|0x0000000086400000, 0x0000000086400000, 0x0000000086500000|  0%| F|  |TAMS 0x0000000086400000, 0x0000000086400000| Untracked 
|  89|0x0000000086500000, 0x0000000086500000, 0x0000000086600000|  0%| F|  |TAMS 0x0000000086500000, 0x0000000086500000| Untracked 
|  90|0x0000000086600000, 0x0000000086600000, 0x0000000086700000|  0%| F|  |TAMS 0x0000000086600000, 0x0000000086600000| Untracked 
|  91|0x0000000086700000, 0x0000000086700000, 0x0000000086800000|  0%| F|  |TAMS 0x0000000086700000, 0x0000000086700000| Untracked 
|  92|0x0000000086800000, 0x0000000086800000, 0x0000000086900000|  0%| F|  |TAMS 0x0000000086800000, 0x0000000086800000| Untracked 
|  93|0x0000000086900000, 0x0000000086900000, 0x0000000086a00000|  0%| F|  |TAMS 0x0000000086900000, 0x0000000086900000| Untracked 
|  94|0x0000000086a00000, 0x0000000086a00000, 0x0000000086b00000|  0%| F|  |TAMS 0x0000000086a00000, 0x0000000086a00000| Untracked 
|  95|0x0000000086b00000, 0x0000000086b00000, 0x0000000086c00000|  0%| F|  |TAMS 0x0000000086b00000, 0x0000000086b00000| Untracked 
|  96|0x0000000086c00000, 0x0000000086c00000, 0x0000000086d00000|  0%| F|  |TAMS 0x0000000086c00000, 0x0000000086c00000| Untracked 
|  97|0x0000000086d00000, 0x0000000086d00000, 0x0000000086e00000|  0%| F|  |TAMS 0x0000000086d00000, 0x0000000086d00000| Untracked 
|  98|0x0000000086e00000, 0x0000000086e00000, 0x0000000086f00000|  0%| F|  |TAMS 0x0000000086e00000, 0x0000000086e00000| Untracked 
|  99|0x0000000086f00000, 0x0000000086f00000, 0x0000000087000000|  0%| F|  |TAMS 0x0000000086f00000, 0x0000000086f00000| Untracked 
| 100|0x0000000087000000, 0x0000000087000000, 0x0000000087100000|  0%| F|  |TAMS 0x0000000087000000, 0x0000000087000000| Untracked 
| 101|0x0000000087100000, 0x0000000087100000, 0x0000000087200000|  0%| F|  |TAMS 0x0000000087100000, 0x0000000087100000| Untracked 
| 102|0x0000000087200000, 0x0000000087200000, 0x0000000087300000|  0%| F|  |TAMS 0x0000000087200000, 0x0000000087200000| Untracked 
| 103|0x0000000087300000, 0x0000000087300000, 0x0000000087400000|  0%| F|  |TAMS 0x0000000087300000, 0x0000000087300000| Untracked 
| 104|0x0000000087400000, 0x0000000087400000, 0x0000000087500000|  0%| F|  |TAMS 0x0000000087400000, 0x0000000087400000| Untracked 
| 105|0x0000000087500000, 0x0000000087500000, 0x0000000087600000|  0%| F|  |TAMS 0x0000000087500000, 0x0000000087500000| Untracked 
| 106|0x0000000087600000, 0x0000000087600000, 0x0000000087700000|  0%| F|  |TAMS 0x0000000087600000, 0x0000000087600000| Untracked 
| 107|0x0000000087700000, 0x0000000087700000, 0x0000000087800000|  0%| F|  |TAMS 0x0000000087700000, 0x0000000087700000| Untracked 
| 108|0x0000000087800000, 0x0000000087800000, 0x0000000087900000|  0%| F|  |TAMS 0x0000000087800000, 0x0000000087800000| Untracked 
| 109|0x0000000087900000, 0x0000000087900000, 0x0000000087a00000|  0%| F|  |TAMS 0x0000000087900000, 0x0000000087900000| Untracked 
| 110|0x0000000087a00000, 0x0000000087a00000, 0x0000000087b00000|  0%| F|  |TAMS 0x0000000087a00000, 0x0000000087a00000| Untracked 
| 111|0x0000000087b00000, 0x0000000087b00000, 0x0000000087c00000|  0%| F|  |TAMS 0x0000000087b00000, 0x0000000087b00000| Untracked 
| 112|0x0000000087c00000, 0x0000000087c00000, 0x0000000087d00000|  0%| F|  |TAMS 0x0000000087c00000, 0x0000000087c00000| Untracked 
| 113|0x0000000087d00000, 0x0000000087d00000, 0x0000000087e00000|  0%| F|  |TAMS 0x0000000087d00000, 0x0000000087d00000| Untracked 
| 114|0x0000000087e00000, 0x0000000087e00000, 0x0000000087f00000|  0%| F|  |TAMS 0x0000000087e00000, 0x0000000087e00000| Untracked 
| 115|0x0000000087f00000, 0x0000000087f00000, 0x0000000088000000|  0%| F|  |TAMS 0x0000000087f00000, 0x0000000087f00000| Untracked 
| 116|0x0000000088000000, 0x0000000088000000, 0x0000000088100000|  0%| F|  |TAMS 0x0000000088000000, 0x0000000088000000| Untracked 
| 117|0x0000000088100000, 0x0000000088100000, 0x0000000088200000|  0%| F|  |TAMS 0x0000000088100000, 0x0000000088100000| Untracked 
| 118|0x0000000088200000, 0x0000000088200000, 0x0000000088300000|  0%| F|  |TAMS 0x0000000088200000, 0x0000000088200000| Untracked 
| 119|0x0000000088300000, 0x0000000088300000, 0x0000000088400000|  0%| F|  |TAMS 0x0000000088300000, 0x0000000088300000| Untracked 
| 120|0x0000000088400000, 0x0000000088400000, 0x0000000088500000|  0%| F|  |TAMS 0x0000000088400000, 0x0000000088400000| Untracked 
| 121|0x0000000088500000, 0x0000000088500000, 0x0000000088600000|  0%| F|  |TAMS 0x0000000088500000, 0x0000000088500000| Untracked 
| 122|0x0000000088600000, 0x0000000088600000, 0x0000000088700000|  0%| F|  |TAMS 0x0000000088600000, 0x0000000088600000| Untracked 
| 123|0x0000000088700000, 0x0000000088790ec8, 0x0000000088800000| 56%| E|  |TAMS 0x0000000088700000, 0x0000000088700000| Complete 
| 124|0x0000000088800000, 0x0000000088900000, 0x0000000088900000|100%| E|CS|TAMS 0x0000000088800000, 0x0000000088800000| Complete 
| 125|0x0000000088900000, 0x0000000088a00000, 0x0000000088a00000|100%| E|CS|TAMS 0x0000000088900000, 0x0000000088900000| Complete 
| 126|0x0000000088a00000, 0x0000000088b00000, 0x0000000088b00000|100%| E|CS|TAMS 0x0000000088a00000, 0x0000000088a00000| Complete 
| 127|0x0000000088b00000, 0x0000000088c00000, 0x0000000088c00000|100%| E|CS|TAMS 0x0000000088b00000, 0x0000000088b00000| Complete 

Card table byte_map: [0x0000025541a50000,0x0000025541e50000] _byte_map_base: 0x000002554164a000

Marking Bits (Prev, Next): (CMBitMap*) 0x000002552a3677a8, (CMBitMap*) 0x000002552a3677e0
 Prev Bits: [0x0000025542250000, 0x0000025544220000)
 Next Bits: [0x0000025544220000, 0x00000255461f0000)

Polling page: 0x0000025528190000

Metaspace:

Usage:
  Non-class:      7.81 MB capacity,     7.74 MB (>99%) used,    69.49 KB ( <1%) free+waste,     6.31 KB ( <1%) overhead. 
      Class:    802.00 KB capacity,   761.03 KB ( 95%) used,    38.53 KB (  5%) free+waste,     2.44 KB ( <1%) overhead. 
       Both:      8.60 MB capacity,     8.48 MB ( 99%) used,   108.02 KB (  1%) free+waste,     8.75 KB ( <1%) overhead. 

Virtual space:
  Non-class space:        8.00 MB reserved,       8.00 MB (100%) committed 
      Class space:        1.00 GB reserved,     896.00 KB ( <1%) committed 
             Both:        1.01 GB reserved,       8.88 MB ( <1%) committed 

Chunk freelists:
   Non-Class:  0 bytes
       Class:  3.75 KB
        Both:  3.75 KB

CodeHeap 'non-profiled nmethods': size=120064Kb used=112Kb max_used=112Kb free=119952Kb
 bounds [0x000002553a110000, 0x000002553a380000, 0x0000025541650000]
CodeHeap 'profiled nmethods': size=120000Kb used=498Kb max_used=498Kb free=119501Kb
 bounds [0x0000025532be0000, 0x0000025532e50000, 0x000002553a110000]
CodeHeap 'non-nmethods': size=5696Kb used=1145Kb max_used=1158Kb free=4550Kb
 bounds [0x0000025532650000, 0x00000255328c0000, 0x0000025532be0000]
 total_blobs=826 nmethods=365 adapters=276
 compilation: enabled
              stopped_count=0, restarted_count=0
 full_count=0

Compilation events (10 events):
Event: 0.323 Thread 0x000002554908c000 nmethod 361 0x0000025532c5a610 code [0x0000025532c5a7c0, 0x0000025532c5a970]
Event: 0.323 Thread 0x000002554908c000  362   !   3       java.security.cert.Certificate::equals (38 bytes)
Event: 0.323 Thread 0x000002554871a000 nmethod 360 0x000002553a12ba10 code [0x000002553a12bba0, 0x000002553a12bbf8]
Event: 0.323 Thread 0x000002554908c000 nmethod 362 0x0000025532c5aa90 code [0x0000025532c5ad20, 0x0000025532c5ba90]
Event: 59.914 Thread 0x000002554908c000  363       3       org.eclipse.jdt.launching.internal.org.objectweb.asm.ClassReader::readUnsignedShort (26 bytes)
Event: 59.914 Thread 0x000002554908c000 nmethod 363 0x0000025532c5bf10 code [0x0000025532c5c0c0, 0x0000025532c5c278]
Event: 59.915 Thread 0x000002554908c000  364       3       java.lang.String::replace (42 bytes)
Event: 59.915 Thread 0x000002554908c000 nmethod 364 0x0000025532c5c390 code [0x0000025532c5c580, 0x0000025532c5c920]
Event: 59.915 Thread 0x000002554908c000  365       1       java.net.URL::getFile (5 bytes)
Event: 59.915 Thread 0x000002554908c000 nmethod 365 0x000002553a12bc90 code [0x000002553a12be40, 0x000002553a12bf58]

GC Heap History (0 events):
No events

Deoptimization events (1 events):
Event: 0.300 Thread 0x000002552a327800 Uncommon trap: reason=unstable_if action=reinterpret pc=0x000002553a11f678 method=java.lang.String.isLatin1()Z @ 10 c2

Classes redefined (2 events):
Event: 32.209 Thread 0x00000255486d7000 redefined class name=uri.MaiorAleatorio, count=1
Event: 59.917 Thread 0x00000255486d7000 redefined class name=uri.MaiorAleatorio, count=2

Internal exceptions (0 events):
No events

Events (10 events):
Event: 32.253 Executing VM operation: GetCurrentContendedMonitor done
Event: 59.914 loading class org/eclipse/jdt/launching/internal/org/objectweb/asm/Opcodes
Event: 59.914 loading class org/eclipse/jdt/launching/internal/org/objectweb/asm/Opcodes done
Event: 59.916 Executing VM operation: RedefineClasses
Event: 59.917 Executing VM operation: RedefineClasses done
Event: 59.921 Executing VM operation: ChangeBreakpoints
Event: 59.921 Executing VM operation: ChangeBreakpoints done
Event: 59.926 Executing VM operation: ChangeBreakpoints
Event: 59.926 Executing VM operation: ChangeBreakpoints done
Event: 59.926 Executing VM operation: ChangeBreakpoints


Dynamic libraries:
0x00007ff735b90000 - 0x00007ff735bd7000 	C:\Program Files\Java\jdk-11\bin\javaw.exe
0x00007ffc571e0000 - 0x00007ffc573cd000 	C:\WINDOWS\SYSTEM32\ntdll.dll
0x00007ffc56730000 - 0x00007ffc567e3000 	C:\WINDOWS\System32\KERNEL32.DLL
0x00007ffc53ee0000 - 0x00007ffc54173000 	C:\WINDOWS\System32\KERNELBASE.dll
0x00007ffc56040000 - 0x00007ffc560e3000 	C:\WINDOWS\System32\ADVAPI32.dll
0x00007ffc54410000 - 0x00007ffc544ae000 	C:\WINDOWS\System32\msvcrt.dll
0x00007ffc56f30000 - 0x00007ffc56fce000 	C:\WINDOWS\System32\sechost.dll
0x00007ffc564c0000 - 0x00007ffc565e2000 	C:\WINDOWS\System32\RPCRT4.dll
0x00007ffc56d10000 - 0x00007ffc56ea7000 	C:\WINDOWS\System32\USER32.dll
0x00007ffc53c00000 - 0x00007ffc53c20000 	C:\WINDOWS\System32\win32u.dll
0x00007ffc56ce0000 - 0x00007ffc56d09000 	C:\WINDOWS\System32\GDI32.dll
0x00007ffc53c20000 - 0x00007ffc53dba000 	C:\WINDOWS\System32\gdi32full.dll
0x00007ffc53e40000 - 0x00007ffc53ee0000 	C:\WINDOWS\System32\msvcp_win.dll
0x00007ffc53ae0000 - 0x00007ffc53bda000 	C:\WINDOWS\System32\ucrtbase.dll
0x00007ffc38f30000 - 0x00007ffc391a9000 	C:\WINDOWS\WinSxS\amd64_microsoft.windows.common-controls_6595b64144ccf1df_6.0.17763.557_none_05b63f68071e5b9f\COMCTL32.dll
0x00007ffc4e330000 - 0x00007ffc4e33a000 	C:\WINDOWS\SYSTEM32\VERSION.dll
0x00007ffc569b0000 - 0x00007ffc56cdc000 	C:\WINDOWS\System32\combase.dll
0x00007ffc53dc0000 - 0x00007ffc53e3e000 	C:\WINDOWS\System32\bcryptPrimitives.dll
0x00007ffc560f0000 - 0x00007ffc5611e000 	C:\WINDOWS\System32\IMM32.DLL
0x00007ffc48f20000 - 0x00007ffc48f36000 	C:\Program Files\Java\jdk-11\bin\vcruntime140.dll
0x00007ffc246c0000 - 0x00007ffc2476a000 	C:\Program Files\Java\jdk-11\bin\msvcp140.dll
0x00007ffbf3bc0000 - 0x00007ffbf4702000 	C:\Program Files\Java\jdk-11\bin\server\jvm.dll
0x00007ffc544b0000 - 0x00007ffc544b8000 	C:\WINDOWS\System32\PSAPI.DLL
0x00007ffc34d20000 - 0x00007ffc34d29000 	C:\WINDOWS\SYSTEM32\WSOCK32.dll
0x00007ffc566a0000 - 0x00007ffc5670d000 	C:\WINDOWS\System32\WS2_32.dll
0x00007ffc46b80000 - 0x00007ffc46ba4000 	C:\WINDOWS\SYSTEM32\WINMM.dll
0x00007ffc46a30000 - 0x00007ffc46a5d000 	C:\WINDOWS\SYSTEM32\WINMMBASE.dll
0x00007ffc54180000 - 0x00007ffc541ca000 	C:\WINDOWS\System32\cfgmgr32.dll
0x00007ffc53240000 - 0x00007ffc53251000 	C:\WINDOWS\System32\kernel.appcore.dll
0x00007ffc2fe80000 - 0x00007ffc2fe91000 	C:\Program Files\Java\jdk-11\bin\verify.dll
0x00007ffc48c00000 - 0x00007ffc48ded000 	C:\WINDOWS\SYSTEM32\DBGHELP.DLL
0x00007ffc48750000 - 0x00007ffc4877a000 	C:\WINDOWS\SYSTEM32\dbgcore.DLL
0x00007ffc2abc0000 - 0x00007ffc2abe9000 	C:\Program Files\Java\jdk-11\bin\java.dll
0x00007ffc2eba0000 - 0x00007ffc2ebd7000 	C:\Program Files\Java\jdk-11\bin\jdwp.dll
0x00007ffc2eb10000 - 0x00007ffc2eb3f000 	C:\Program Files\Java\jdk-11\bin\instrument.dll
0x00007ffc2eaa0000 - 0x00007ffc2eab6000 	C:\Program Files\Java\jdk-11\bin\zip.dll
0x00007ffc34d10000 - 0x00007ffc34d1a000 	C:\Program Files\Java\jdk-11\bin\jimage.dll
0x00007ffc54670000 - 0x00007ffc55b60000 	C:\WINDOWS\System32\SHELL32.dll
0x00007ffc565f0000 - 0x00007ffc56698000 	C:\WINDOWS\System32\shcore.dll
0x00007ffc53390000 - 0x00007ffc53ada000 	C:\WINDOWS\System32\windows.storage.dll
0x00007ffc53280000 - 0x00007ffc532a4000 	C:\WINDOWS\System32\profapi.dll
0x00007ffc531e0000 - 0x00007ffc5323d000 	C:\WINDOWS\System32\powrprof.dll
0x00007ffc56280000 - 0x00007ffc562d2000 	C:\WINDOWS\System32\shlwapi.dll
0x00007ffc53be0000 - 0x00007ffc53bf7000 	C:\WINDOWS\System32\cryptsp.dll
0x00007ffc48f10000 - 0x00007ffc48f1a000 	C:\Program Files\Java\jdk-11\bin\dt_socket.dll
0x00007ffc52a00000 - 0x00007ffc52a67000 	C:\WINDOWS\System32\mswsock.dll
0x00007ffc527a0000 - 0x00007ffc52866000 	C:\WINDOWS\SYSTEM32\DNSAPI.dll
0x00007ffc57030000 - 0x00007ffc57038000 	C:\WINDOWS\System32\NSI.dll
0x00007ffc52760000 - 0x00007ffc5279d000 	C:\WINDOWS\SYSTEM32\IPHLPAPI.DLL
0x00007ffc4e750000 - 0x00007ffc4e7c9000 	C:\WINDOWS\System32\fwpuclnt.dll
0x00007ffc53360000 - 0x00007ffc53386000 	C:\WINDOWS\System32\bcrypt.dll
0x00007ffc4e4d0000 - 0x00007ffc4e4da000 	C:\Windows\System32\rasadhlp.dll
0x00007ffc2aba0000 - 0x00007ffc2abb9000 	C:\Program Files\Java\jdk-11\bin\net.dll
0x00007ffc4f3f0000 - 0x00007ffc4f4e1000 	C:\WINDOWS\SYSTEM32\WINHTTP.dll
0x00007ffc298d0000 - 0x00007ffc298e3000 	C:\Program Files\Java\jdk-11\bin\nio.dll

dbghelp: loaded successfully - version: 4.0.5 - missing functions: none
symbol engine: initialized successfully - sym options: 0x614 - pdb path: .;C:\Program Files\Java\jdk-11\bin;C:\WINDOWS\SYSTEM32;C:\WINDOWS\WinSxS\amd64_microsoft.windows.common-controls_6595b64144ccf1df_6.0.17763.557_none_05b63f68071e5b9f;C:\Program Files\Java\jdk-11\bin\server

VM Arguments:
jvm_args: -agentlib:jdwp=transport=dt_socket,suspend=y,address=localhost:51112 -javaagent:C:\Users\Pichau\eclipse\configuration\org.eclipse.osgi\697\0\.cp\lib\javaagent-shaded.jar -Dfile.encoding=Cp1252 
java_command: uri.MaiorAleatorio
java_class_path (initial): C:\Users\Pichau\eclipse-workspace\uri-online-judge\bin
Launcher Type: SUN_STANDARD

[Global flags]
     intx CICompilerCount                          = 3                                         {product} {ergonomic}
     uint ConcGCThreads                            = 1                                         {product} {ergonomic}
     uint G1ConcRefinementThreads                  = 4                                         {product} {ergonomic}
   size_t G1HeapRegionSize                         = 1048576                                   {product} {ergonomic}
    uintx GCDrainStackTargetSize                   = 64                                        {product} {ergonomic}
   size_t InitialHeapSize                          = 134217728                                 {product} {ergonomic}
   size_t MarkStackSize                            = 4194304                                   {product} {ergonomic}
   size_t MaxHeapSize                              = 2134900736                                {product} {ergonomic}
   size_t MaxNewSize                               = 1280311296                                {product} {ergonomic}
   size_t MinHeapDeltaBytes                        = 1048576                                   {product} {ergonomic}
    uintx NonNMethodCodeHeapSize                   = 5830092                                {pd product} {ergonomic}
    uintx NonProfiledCodeHeapSize                  = 122914074                              {pd product} {ergonomic}
    uintx ProfiledCodeHeapSize                     = 122914074                              {pd product} {ergonomic}
    uintx ReservedCodeCacheSize                    = 251658240                              {pd product} {ergonomic}
     bool SegmentedCodeCache                       = true                                      {product} {ergonomic}
     bool UseCompressedClassPointers               = true                                 {lp64_product} {ergonomic}
     bool UseCompressedOops                        = true                                 {lp64_product} {ergonomic}
     bool UseG1GC                                  = true                                      {product} {ergonomic}
     bool UseLargePagesIndividualAllocation        = false                                  {pd product} {ergonomic}

Logging:
Log output configuration:
 #0: stdout all=warning uptime,level,tags
 #1: stderr all=off uptime,level,tags

Environment Variables:
PATH=C:/Program Files/Java/jdk-11/bin/server;C:/Program Files/Java/jdk-11/bin;C:\Program Files (x86)\Embarcadero\Studio\20.0\bin;C:\Users\Public\Documents\Embarcadero\Studio\20.0\Bpl;C:\Program Files (x86)\Embarcadero\Studio\20.0\bin64;C:\Users\Public\Documents\Embarcadero\Studio\20.0\Bpl\Win64;C:\WINDOWS\system32;C:\WINDOWS;C:\WINDOWS\System32\Wbem;C:\WINDOWS\System32\WindowsPowerShell\v1.0\;C:\WINDOWS\System32\OpenSSH\;C:\Program Files (x86)\NVIDIA Corporation\PhysX\Common;C:\Program Files\Java\jdk-11\bin;C:\Program Files\Microsoft SQL Server\Client SDK\ODBC\130\Tools\Binn\;C:\Program Files (x86)\Microsoft SQL Server\140\Tools\Binn\;C:\Program Files\Microsoft SQL Server\140\Tools\Binn\;C:\Program Files\Microsoft SQL Server\140\DTS\Binn\;C:\Program Files (x86)\Microsoft SQL Server\Client SDK\ODBC\130\Tools\Binn\;C:\Program Files (x86)\Microsoft SQL Server\140\DTS\Binn\;C:\Program Files (x86)\Microsoft SQL Server\140\Tools\Binn\ManagementStudio\;C:\WINDOWS\system32;C:\WINDOWS;C:\WINDOWS\System32\Wbem;C:\WINDOWS\System32\WindowsPowerShell\v1.0\;C:\WINDOWS\System32\OpenSSH\;C:\Program Files\Git\cmd;C:\Program Files\NVIDIA Corporation\NVIDIA NvDLISR;C:\Users\Pichau\eclipse\apache-maven-3.6.1-bin\apache-maven-3.6.1\bin;C:\Users\Pichau\AppData\Local\Microsoft\WindowsApps;C:\Users\Pichau\AppData\Local\GitHubDesktop\bin;C:\Users\Pichau\eclipse;
USERNAME=Pichau
OS=Windows_NT
PROCESSOR_IDENTIFIER=Intel64 Family 6 Model 158 Stepping 11, GenuineIntel



---------------  S Y S T E M  ---------------

OS: Windows 10 , 64 bit Build 17763 (10.0.17763.475)

CPU:total 4 (initial active 4) (4 cores per cpu, 1 threads per core) family 6 model 158 stepping 11, cmov, cx8, fxsr, mmx, sse, sse2, sse3, ssse3, sse4.1, sse4.2, popcnt, avx, avx2, aes, clmul, erms, 3dnowpref, lzcnt, tsc, tscinvbit, bmi1, bmi2, adx, fma

Memory: 4k page, system-wide physical 8137M (4138M free)
TotalPageFile size 14236M (AvailPageFile size 6815M)
current process WorkingSet (physical memory assigned to process): 42M, peak: 44M
current process commit charge ("private bytes"): 201M, peak: 203M

vm_info: Java HotSpot(TM) 64-Bit Server VM (11+28) for windows-amd64 JRE (11+28), built on Aug 23 2018 03:03:59 by "mach5one" with MS VC++ 15.5 (VS2017)

END.
